\BOOKMARK [1][-]{section.1}{\376\377\000P\000r\000e\000s\000e\000n\000t\000a\000c\000i\000\363\000n\000\040\000d\000e\000l\000\040\000p\000r\000o\000b\000l\000e\000m\000a\000\040\000y\000\040\000f\000u\000e\000n\000t\000e\000\040\000d\000e\000\040\000i\000n\000f\000o\000r\000m\000a\000c\000i\000\363\000n}{}% 1
\BOOKMARK [2][-]{subsection.1.1}{\376\377\000P\000r\000e\000s\000e\000n\000t\000a\000c\000i\000\363\000n\000\040\000d\000e\000l\000\040\000p\000r\000o\000b\000l\000e\000m\000a}{section.1}% 2
\BOOKMARK [2][-]{subsection.1.2}{\376\377\000D\000e\000f\000i\000n\000i\000c\000i\000\363\000n\000\040\000d\000e\000\040\000l\000a\000\040\000f\000u\000e\000n\000t\000e\000\040\000d\000e\000\040\000i\000n\000f\000o\000r\000m\000a\000c\000i\000\363\000n}{section.1}% 3
\BOOKMARK [1][-]{section.2}{\376\377\000P\000r\000e\000g\000u\000n\000t\000a\000\040\000y\000\040\000o\000b\000j\000e\000t\000i\000v\000o\000s\000\040\000d\000e\000\040\000i\000n\000v\000e\000s\000t\000i\000g\000a\000c\000i\000\363\000n}{}% 4
\BOOKMARK [1][-]{section.3}{\376\377\000O\000r\000d\000e\000n\000\040\000d\000e\000\040\000t\000r\000a\000b\000a\000j\000o}{}% 5
\BOOKMARK [1][-]{section.4}{\376\377\000A\000n\000\341\000l\000i\000s\000i\000s\000\040\000e\000x\000p\000l\000o\000r\000a\000t\000o\000r\000i\000o\000\040\000d\000e\000\040\000d\000a\000t\000o\000s\000\040\000\050\000E\000D\000A\000\051}{}% 6
\BOOKMARK [2][-]{subsection.4.1}{\376\377\000A\000n\000\341\000l\000i\000s\000i\000s\000\040\000u\000n\000i\000v\000a\000r\000i\000a\000d\000o}{section.4}% 7
\BOOKMARK [3][-]{subsubsection.4.1.1}{\376\377\000G\000\351\000n\000e\000r\000o\000\040\000y\000\040\000e\000d\000a\000d}{subsection.4.1}% 8
\BOOKMARK [3][-]{subsubsection.4.1.2}{\376\377\000C\000o\000m\000u\000n\000a}{subsection.4.1}% 9
\BOOKMARK [3][-]{subsubsection.4.1.3}{\376\377\000I\000n\000g\000r\000e\000s\000o\000\040\000f\000a\000m\000i\000l\000i\000a\000r\000\040\000p\000e\000r\000\040\000c\000a\000p\000i\000t\000a}{subsection.4.1}% 10
\BOOKMARK [3][-]{subsubsection.4.1.4}{\376\377\000A\000\361\000o\000s\000\040\000d\000e\000\040\000e\000s\000c\000o\000l\000a\000r\000i\000d\000a\000d}{subsection.4.1}% 11
\BOOKMARK [3][-]{subsubsection.4.1.5}{\376\377\000M\000\341\000x\000i\000m\000o\000\040\000n\000i\000v\000e\000l\000\040\000e\000d\000u\000c\000a\000t\000i\000v\000o\000\040\000\050\000T\000a\000r\000g\000e\000t\000\051}{subsection.4.1}% 12
\BOOKMARK [2][-]{subsection.4.2}{\376\377\000A\000n\000\341\000l\000i\000s\000i\000s\000\040\000b\000i\000v\000a\000r\000i\000a\000d\000o}{section.4}% 13
\BOOKMARK [3][-]{subsubsection.4.2.1}{\376\377\000C\000o\000m\000p\000a\000r\000a\000c\000i\000\363\000n\000\040\000e\000n\000t\000r\000e\000\040\000v\000a\000r\000i\000a\000b\000l\000e\000s\000\040\000n\000u\000m\000\351\000r\000i\000c\000a\000s}{subsection.4.2}% 14
\BOOKMARK [3][-]{subsubsection.4.2.2}{\376\377\000C\000o\000m\000p\000a\000r\000a\000c\000i\000\363\000n\000\040\000d\000e\000\040\000v\000a\000r\000i\000a\000b\000l\000e\000s\000\040\000c\000a\000t\000e\000g\000\363\000r\000i\000c\000a\000s\000\040\000c\000o\000n\000\040\000n\000u\000m\000\351\000r\000i\000c\000a\000s}{subsection.4.2}% 15
\BOOKMARK [3][-]{subsubsection.4.2.3}{\376\377\000V\000a\000r\000i\000a\000b\000l\000e\000\040\000n\000u\000m\000\351\000r\000i\000c\000a\000s\000\040\000c\000o\000n\000\040\000c\000o\000m\000u\000n\000a}{subsection.4.2}% 16
\BOOKMARK [2][-]{subsection.4.3}{\376\377\000A\000n\000\341\000l\000i\000s\000i\000s\000\040\000m\000u\000l\000t\000i\000v\000a\000r\000i\000a\000d\000o}{section.4}% 17
\BOOKMARK [1][-]{section.5}{\376\377\000M\000o\000d\000e\000l\000a\000d\000o\000\040\000d\000e\000\040\000d\000a\000t\000o\000s}{}% 18
\BOOKMARK [2][-]{subsection.5.1}{\376\377\000D\000i\000v\000i\000s\000i\000\363\000n\000\040\000d\000e\000l\000\040\000t\000r\000a\000i\000n\000\040\000y\000\040\000e\000l\000\040\000t\000e\000s\000t}{section.5}% 19
\BOOKMARK [3][-]{subsubsection.5.1.1}{\376\377\000T\000r\000a\000i\000n}{subsection.5.1}% 20
\BOOKMARK [3][-]{subsubsection.5.1.2}{\376\377\000T\000e\000s\000t}{subsection.5.1}% 21
\BOOKMARK [2][-]{subsection.5.2}{\376\377\000\301\000r\000b\000o\000l\000\040\000d\000e\000\040\000d\000e\000c\000i\000s\000i\000\363\000n}{section.5}% 22
